  ViewObject.cpp
C:\Users\14980\Desktop\soure\Evelyn\Evelyn\ViewObject.cpp(92,36): warning C4244: “=”: 从“double”转换到“uchar”，可能丢失数据
C:\Users\14980\Desktop\soure\Evelyn\Evelyn\ViewObject.cpp(285,1): warning C4996: 'strcpy': This function or variable may be unsafe. Consider using strcpy_s instead. To disable deprecation, use _CRT_SECURE_NO_WARNINGS. See online help for details.
C:\Program Files (x86)\Windows Kits\10\Include\10.0.17763.0\ucrt\string.h(133): message : 参见“strcpy”的声明
Evelyn.obj : error LNK2019: 无法解析的外部符号 "public: void __cdecl cv::Mat::copyTo(class cv::debug_build_guard::_OutputArray const &)const " (?copyTo@Mat@cv@@QEBAXAEBV_OutputArray@debug_build_guard@2@@Z)，该符号在函数 "public: int __cdecl GameSystem::AddButton(class cv::Mat,class cv::Mat,struct tagPOINT,unsigned int)" (?AddButton@GameSystem@@QEAAHVMat@cv@@0UtagPOINT@@I@Z) 中被引用
ViewObject.obj : error LNK2001: 无法解析的外部符号 "public: void __cdecl cv::Mat::copyTo(class cv::debug_build_guard::_OutputArray const &)const " (?copyTo@Mat@cv@@QEBAXAEBV_OutputArray@debug_build_guard@2@@Z)
ViewObject.obj : error LNK2019: 无法解析的外部符号 "void __cdecl cv::addWeighted(class cv::debug_build_guard::_InputArray const &,double,class cv::debug_build_guard::_InputArray const &,double,double,class cv::debug_build_guard::_OutputArray const &,int)" (?addWeighted@cv@@YAXAEBV_InputArray@debug_build_guard@1@N0NNAEBV_OutputArray@31@H@Z)，该符号在函数 "public: int __cdecl ViewObject::addElement(class cv::Mat,struct tagPOINT,unsigned int,double)" (?addElement@ViewObject@@QEAAHVMat@cv@@UtagPOINT@@IN@Z) 中被引用
ViewObject.obj : error LNK2019: 无法解析的外部符号 "void __cdecl cv::resize(class cv::debug_build_guard::_InputArray const &,class cv::debug_build_guard::_OutputArray const &,class cv::Size_<int>,double,double,int)" (?resize@cv@@YAXAEBV_InputArray@debug_build_guard@1@AEBV_OutputArray@31@V?$Size_@H@1@NNH@Z)，该符号在函数 "public: int __cdecl ViewObject::setBkground(class cv::Mat,class cv::Mat,double)" (?setBkground@ViewObject@@QEAAHVMat@cv@@0N@Z) 中被引用
C:\Users\14980\Desktop\soure\Evelyn\x64\Debug\Evelyn.exe : fatal error LNK1120: 3 个无法解析的外部命令
